<?xml version="1.0" encoding="UTF-8"?>
<!-- Generated by org.testng.reporters.JUnitReportReporter -->
<testsuite hostname="bogash" name="com.sherish.tests.LoginTest" tests="1" failures="0" timestamp="20 Apr 2015 14:38:19 GMT" time="7,347" errors="0">
  <testcase name="testUntitled" time="7,347" classname="com.sherish.tests.LoginTest"/>
</testsuite>
